android/unityLibrary/build/intermediates/manifest_merge_blame_file/debug/manifest-merger-blame-debug-report.txt
1<?xml version="1.0" encoding="utf-8"?>
2<!-- GENERATED BY UNITY. REMOVE THIS COMMENT TO PREVENT OVERWRITING WHEN EXPORTING AGAIN -->
3<manifest xmlns:android="http://schemas.android.com/apk/res/android"
4    xmlns:tools="http://schemas.android.com/tools"
5    package="com.unity3d.player" >
6
7    <uses-sdk
8        android:minSdkVersion="19"
8-->src\main\AndroidManifest.xml
9        android:targetSdkVersion="32" />
9-->src\main\AndroidManifest.xml
10
11    <uses-feature android:glEsVersion="0x00020000" />
11-->src\main\AndroidManifest.xml:19:3-52
11-->src\main\AndroidManifest.xml:19:17-49
12    <uses-feature
12-->src\main\AndroidManifest.xml:20:3-88
13        android:name="android.hardware.touchscreen"
13-->src\main\AndroidManifest.xml:20:17-60
14        android:required="false" />
14-->src\main\AndroidManifest.xml:20:61-85
15    <uses-feature
15-->src\main\AndroidManifest.xml:21:3-99
16        android:name="android.hardware.touchscreen.multitouch"
16-->src\main\AndroidManifest.xml:21:17-71
17        android:required="false" />
17-->src\main\AndroidManifest.xml:21:72-96
18    <uses-feature
18-->src\main\AndroidManifest.xml:22:3-108
19        android:name="android.hardware.touchscreen.multitouch.distinct"
19-->src\main\AndroidManifest.xml:22:17-80
20        android:required="false" />
20-->src\main\AndroidManifest.xml:22:81-105
21
22    <application>
22-->src\main\AndroidManifest.xml:4:3-18:17
23        <activity
23-->src\main\AndroidManifest.xml:5:5-12:16
24            android:name="com.unity3d.player.UnityPlayerActivity"
24-->src\main\AndroidManifest.xml:5:15-68
25            android:configChanges="mcc|mnc|locale|touchscreen|keyboard|keyboardHidden|navigation|orientation|screenLayout|uiMode|screenSize|smallestScreenSize|fontScale|layoutDirection|density"
25-->src\main\AndroidManifest.xml:5:188-369
26            android:exported="true"
26-->src\main\AndroidManifest.xml:5:441-464
27            android:hardwareAccelerated="false"
27-->src\main\AndroidManifest.xml:5:405-440
28            android:launchMode="singleTask"
28-->src\main\AndroidManifest.xml:5:156-187
29            android:resizeableActivity="false"
29-->src\main\AndroidManifest.xml:5:370-404
30            android:screenOrientation="reverseLandscape"
30-->src\main\AndroidManifest.xml:5:111-155
31            android:theme="@style/UnityThemeSelector" >
31-->src\main\AndroidManifest.xml:5:69-110
32            <intent-filter>
32-->src\main\AndroidManifest.xml:6:7-9:23
33                <action android:name="android.intent.action.MAIN" />
33-->src\main\AndroidManifest.xml:7:9-61
33-->src\main\AndroidManifest.xml:7:17-58
34
35                <category android:name="android.intent.category.LAUNCHER" />
35-->src\main\AndroidManifest.xml:8:9-69
35-->src\main\AndroidManifest.xml:8:19-66
36            </intent-filter>
37
38            <meta-data
38-->src\main\AndroidManifest.xml:10:7-82
39                android:name="unityplayer.UnityActivity"
39-->src\main\AndroidManifest.xml:10:18-58
40                android:value="true" />
40-->src\main\AndroidManifest.xml:10:59-79
41            <meta-data
41-->src\main\AndroidManifest.xml:11:7-78
42                android:name="android.notch_support"
42-->src\main\AndroidManifest.xml:11:18-54
43                android:value="true" />
43-->src\main\AndroidManifest.xml:11:55-75
44        </activity>
45
46        <meta-data
46-->src\main\AndroidManifest.xml:13:5-69
47            android:name="unity.splash-mode"
47-->src\main\AndroidManifest.xml:13:16-48
48            android:value="0" />
48-->src\main\AndroidManifest.xml:13:49-66
49        <meta-data
49-->src\main\AndroidManifest.xml:14:5-74
50            android:name="unity.splash-enable"
50-->src\main\AndroidManifest.xml:14:16-50
51            android:value="True" />
51-->src\main\AndroidManifest.xml:14:51-71
52        <meta-data
52-->src\main\AndroidManifest.xml:15:5-84
53            android:name="unity.allow-resizable-window"
53-->src\main\AndroidManifest.xml:15:16-59
54            android:value="False" />
54-->src\main\AndroidManifest.xml:15:60-81
55        <meta-data
55-->src\main\AndroidManifest.xml:16:5-81
56            android:name="notch.config"
56-->src\main\AndroidManifest.xml:16:16-43
57            android:value="portrait|landscape" />
57-->src\main\AndroidManifest.xml:16:44-78
58        <meta-data
58-->src\main\AndroidManifest.xml:17:5-101
59            android:name="unity.build-id"
59-->src\main\AndroidManifest.xml:17:16-45
60            android:value="f0d90e74-5776-478f-b3e2-e4fada985ad7" />
60-->src\main\AndroidManifest.xml:17:46-98
61    </application>
62
63</manifest>